[INFO] Scanning for projects...
[INFO] 
[INFO] -----------------< com.smartmeeting:smartmeeting-api >------------------
[INFO] Building smartmeeting-api 0.0.1-SNAPSHOT
[INFO]   from pom.xml
[INFO] --------------------------------[ jar ]---------------------------------
[INFO] 
[INFO] >>> spring-boot:3.2.0:run (default-cli) > test-compile @ smartmeeting-api >>>
[INFO] 
[INFO] --- resources:3.3.1:resources (default-resources) @ smartmeeting-api ---
[INFO] Copying 2 resources from src\main\resources to target\classes
[INFO] Copying 1 resource from src\main\resources to target\classes
[INFO] 
[INFO] --- compiler:3.11.0:compile (default-compile) @ smartmeeting-api ---
[INFO] Nothing to compile - all classes are up to date
[INFO] 
[INFO] --- resources:3.3.1:testResources (default-testResources) @ smartmeeting-api ---
[INFO] Copying 1 resource from src\test\resources to target\test-classes
[INFO] 
[INFO] --- compiler:3.11.0:testCompile (default-testCompile) @ smartmeeting-api ---
[INFO] Changes detected - recompiling the module! :source
[INFO] Compiling 4 source files with javac [debug release 17] to target\test-classes
[INFO] -------------------------------------------------------------
[ERROR] COMPILATION ERROR : 
[INFO] -------------------------------------------------------------
[ERROR] /C:/Users/mniac/Desktop/Smart/smartmeeting-api/backend/src/test/java/com/smartmeeting/security/ReuniaoAuthorizationTest.java:[7,32] cannot find symbol
  symbol:   class PessoaService
  location: package com.smartmeeting.service
[ERROR] /C:/Users/mniac/Desktop/Smart/smartmeeting-api/backend/src/test/java/com/smartmeeting/security/ReuniaoAuthorizationTest.java:[8,32] cannot find symbol
  symbol:   class ReuniaoService
  location: package com.smartmeeting.service
[ERROR] /C:/Users/mniac/Desktop/Smart/smartmeeting-api/backend/src/test/java/com/smartmeeting/security/ReuniaoAuthorizationTest.java:[9,32] cannot find symbol
  symbol:   class SalaService
  location: package com.smartmeeting.service
[ERROR] /C:/Users/mniac/Desktop/Smart/smartmeeting-api/backend/src/test/java/com/smartmeeting/security/ReuniaoAuthorizationTest.java:[10,32] cannot find symbol
  symbol:   class TarefaService
  location: package com.smartmeeting.service
[ERROR] /C:/Users/mniac/Desktop/Smart/smartmeeting-api/backend/src/test/java/com/smartmeeting/security/ReuniaoAuthorizationTest.java:[38,13] cannot find symbol
  symbol:   class ReuniaoService
  location: class com.smartmeeting.security.ReuniaoAuthorizationTest
[ERROR] /C:/Users/mniac/Desktop/Smart/smartmeeting-api/backend/src/test/java/com/smartmeeting/security/ReuniaoAuthorizationTest.java:[40,13] cannot find symbol
  symbol:   class SalaService
  location: class com.smartmeeting.security.ReuniaoAuthorizationTest
[ERROR] /C:/Users/mniac/Desktop/Smart/smartmeeting-api/backend/src/test/java/com/smartmeeting/security/ReuniaoAuthorizationTest.java:[42,13] cannot find symbol
  symbol:   class PessoaService
  location: class com.smartmeeting.security.ReuniaoAuthorizationTest
[ERROR] /C:/Users/mniac/Desktop/Smart/smartmeeting-api/backend/src/test/java/com/smartmeeting/security/ReuniaoAuthorizationTest.java:[48,13] cannot find symbol
  symbol:   class TarefaService
  location: class com.smartmeeting.security.ReuniaoAuthorizationTest
[INFO] 8 errors 
[INFO] -------------------------------------------------------------
[INFO] ------------------------------------------------------------------------
[INFO] BUILD FAILURE
[INFO] ------------------------------------------------------------------------
[INFO] Total time:  10.247 s
[INFO] Finished at: 2025-12-13T16:15:55-03:00
[INFO] ------------------------------------------------------------------------
[ERROR] Failed to execute goal org.apache.maven.plugins:maven-compiler-plugin:3.11.0:testCompile (default-testCompile) on project smartmeeting-api: Compilation failure: Compilation failure: 
[ERROR] /C:/Users/mniac/Desktop/Smart/smartmeeting-api/backend/src/test/java/com/smartmeeting/security/ReuniaoAuthorizationTest.java:[7,32] cannot find symbol
[ERROR]   symbol:   class PessoaService
[ERROR]   location: package com.smartmeeting.service
[ERROR] /C:/Users/mniac/Desktop/Smart/smartmeeting-api/backend/src/test/java/com/smartmeeting/security/ReuniaoAuthorizationTest.java:[8,32] cannot find symbol
[ERROR]   symbol:   class ReuniaoService
[ERROR]   location: package com.smartmeeting.service
[ERROR] /C:/Users/mniac/Desktop/Smart/smartmeeting-api/backend/src/test/java/com/smartmeeting/security/ReuniaoAuthorizationTest.java:[9,32] cannot find symbol
[ERROR]   symbol:   class SalaService
[ERROR]   location: package com.smartmeeting.service
[ERROR] /C:/Users/mniac/Desktop/Smart/smartmeeting-api/backend/src/test/java/com/smartmeeting/security/ReuniaoAuthorizationTest.java:[10,32] cannot find symbol
[ERROR]   symbol:   class TarefaService
[ERROR]   location: package com.smartmeeting.service
[ERROR] /C:/Users/mniac/Desktop/Smart/smartmeeting-api/backend/src/test/java/com/smartmeeting/security/ReuniaoAuthorizationTest.java:[38,13] cannot find symbol
[ERROR]   symbol:   class ReuniaoService
[ERROR]   location: class com.smartmeeting.security.ReuniaoAuthorizationTest
[ERROR] /C:/Users/mniac/Desktop/Smart/smartmeeting-api/backend/src/test/java/com/smartmeeting/security/ReuniaoAuthorizationTest.java:[40,13] cannot find symbol
[ERROR]   symbol:   class SalaService
[ERROR]   location: class com.smartmeeting.security.ReuniaoAuthorizationTest
[ERROR] /C:/Users/mniac/Desktop/Smart/smartmeeting-api/backend/src/test/java/com/smartmeeting/security/ReuniaoAuthorizationTest.java:[42,13] cannot find symbol
[ERROR]   symbol:   class PessoaService
[ERROR]   location: class com.smartmeeting.security.ReuniaoAuthorizationTest
[ERROR] /C:/Users/mniac/Desktop/Smart/smartmeeting-api/backend/src/test/java/com/smartmeeting/security/ReuniaoAuthorizationTest.java:[48,13] cannot find symbol
[ERROR]   symbol:   class TarefaService
[ERROR]   location: class com.smartmeeting.security.ReuniaoAuthorizationTest
[ERROR] -> [Help 1]
[ERROR] 
[ERROR] To see the full stack trace of the errors, re-run Maven with the -e switch.
[ERROR] Re-run Maven using the -X switch to enable full debug logging.
[ERROR] 
[ERROR] For more information about the errors and possible solutions, please read the following articles:
[ERROR] [Help 1] http://cwiki.apache.org/confluence/display/MAVEN/MojoFailureException
