[INFO] Scanning for projects...
[INFO] 
[INFO] -----------------< com.smartmeeting:smartmeeting-api >------------------
[INFO] Building smartmeeting-api 0.0.1-SNAPSHOT
[INFO]   from pom.xml
[INFO] --------------------------------[ jar ]---------------------------------
[INFO] 
[INFO] --- resources:3.3.1:resources (default-resources) @ smartmeeting-api ---
[INFO] Copying 2 resources from src\main\resources to target\classes
[INFO] Copying 1 resource from src\main\resources to target\classes
[INFO] 
[INFO] --- compiler:3.11.0:compile (default-compile) @ smartmeeting-api ---
[INFO] Nothing to compile - all classes are up to date
[INFO] 
[INFO] --- resources:3.3.1:testResources (default-testResources) @ smartmeeting-api ---
[INFO] skip non existing resourceDirectory C:\Users\mniac\Desktop\Smart\smartmeeting-api\backend\src\test\resources
[INFO] 
[INFO] --- compiler:3.11.0:testCompile (default-testCompile) @ smartmeeting-api ---
[INFO] Nothing to compile - all classes are up to date
[INFO] 
[INFO] --- surefire:3.1.2:test (default-test) @ smartmeeting-api ---
[INFO] Using auto detected provider org.apache.maven.surefire.junitplatform.JUnitPlatformProvider
[INFO] 
[INFO] -------------------------------------------------------
[INFO]  T E S T S
[INFO] -------------------------------------------------------
[INFO] Running com.smartmeeting.security.ReuniaoAuthorizationTest
[ERROR] Tests run: 1, Failures: 0, Errors: 1, Skipped: 0, Time elapsed: 1.087 s <<< FAILURE! -- in com.smartmeeting.security.ReuniaoAuthorizationTest
[ERROR] com.smartmeeting.security.ReuniaoAuthorizationTest.usuarioComPermissaoCriarReuniao_deveRetornar200 -- Time elapsed: 0.037 s <<< ERROR!
java.lang.Error: 
Unresolved compilation problems: 
	Syntax error on token ".", { expected
	Syntax error on token(s), misplaced construct(s)
	Syntax error on token ")", delete this token
	Return type for the method is missing
	Syntax error on token ".", { expected
	The method isForbidden() is undefined for the type ReuniaoAuthorizationTest
	Syntax error on token ")", delete this token
	reuniaoMapper cannot be resolved
	reuniaoService cannot be resolved
	reuniaoMapper cannot be resolved

	at com.smartmeeting.security.ReuniaoAuthorizationTest.<init>(ReuniaoAuthorizationTest.java:34)
	at java.base/java.lang.reflect.Constructor.newInstanceWithCaller(Constructor.java:499)
	at java.base/java.lang.reflect.Constructor.newInstance(Constructor.java:480)
	at java.base/java.util.Optional.orElseGet(Optional.java:364)
	at java.base/java.util.ArrayList.forEach(ArrayList.java:1511)
	at java.base/java.util.ArrayList.forEach(ArrayList.java:1511)

[INFO] 
[INFO] Results:
[INFO] 
[ERROR] Errors: 
[ERROR]   ReuniaoAuthorizationTest.<init>:34  Unresolved compilation problems: 
	Syntax error on token ".", { expected
	Syntax error on token(s), misplaced construct(s)
	Syntax error on token ")", delete this token
	Return type for the method is missing
	Syntax error on token ".", { expected
	The method isForbidden() is undefined for the type ReuniaoAuthorizationTest
	Syntax error on token ")", delete this token
	reuniaoMapper cannot be resolved
	reuniaoService cannot be resolved
	reuniaoMapper cannot be resolved

[INFO] 
[ERROR] Tests run: 1, Failures: 0, Errors: 1, Skipped: 0
[INFO] 
[INFO] ------------------------------------------------------------------------
[INFO] BUILD FAILURE
[INFO] ------------------------------------------------------------------------
[INFO] Total time:  6.707 s
[INFO] Finished at: 2025-11-22T11:47:19-03:00
[INFO] ------------------------------------------------------------------------
[ERROR] Failed to execute goal org.apache.maven.plugins:maven-surefire-plugin:3.1.2:test (default-test) on project smartmeeting-api: 
[ERROR] 
[ERROR] Please refer to C:\Users\mniac\Desktop\Smart\smartmeeting-api\backend\target\surefire-reports for the individual test results.
[ERROR] Please refer to dump files (if any exist) [date].dump, [date]-jvmRun[N].dump and [date].dumpstream.
[ERROR] -> [Help 1]
[ERROR] 
[ERROR] To see the full stack trace of the errors, re-run Maven with the -e switch.
[ERROR] Re-run Maven using the -X switch to enable full debug logging.
[ERROR] 
[ERROR] For more information about the errors and possible solutions, please read the following articles:
[ERROR] [Help 1] http://cwiki.apache.org/confluence/display/MAVEN/MojoFailureException
